0 info it worked if it ends with ok
1 verbose cli [ '/Users/chinedudaniel/.nvm/versions/node/v6.10.0/bin/node',
1 verbose cli   '/Users/chinedudaniel/.nvm/versions/node/v6.10.0/bin/npm',
1 verbose cli   'run',
1 verbose cli   'start-dev' ]
2 info using npm@3.10.10
3 info using node@v6.10.0
4 verbose run-script [ 'prestart-dev', 'start-dev', 'poststart-dev' ]
5 info lifecycle tokens-api@1.0.0~prestart-dev: tokens-api@1.0.0
6 silly lifecycle tokens-api@1.0.0~prestart-dev: no script for prestart-dev, continuing
7 info lifecycle tokens-api@1.0.0~start-dev: tokens-api@1.0.0
8 verbose lifecycle tokens-api@1.0.0~start-dev: unsafe-perm in lifecycle true
9 verbose lifecycle tokens-api@1.0.0~start-dev: PATH: /Users/chinedudaniel/.nvm/versions/node/v6.10.0/lib/node_modules/npm/bin/node-gyp-bin:/Users/chinedudaniel/Workspace/tokens-api/node_modules/.bin:/usr/local/opt/qt/bin:/usr/local/opt/qt@5.7/bin:/usr/local/opt/qt/bin:/usr/local/Cellar/qt@5.5/5.5.1_1/bin:/Users/chinedudaniel/.rbenv/shims:/Users/chinedudaniel/.bin:/Users/chinedudaniel/.nvm/versions/node/v6.10.0/bin:/usr/local/bin:/usr/bin:/bin:/usr/sbin:/sbin:/opt/ImageMagick/bin:/Applications/Postgres.app/Contents/Versions/latest/bin:/Users/chinedudaniel/Library/Android/sdk/tools
10 verbose lifecycle tokens-api@1.0.0~start-dev: CWD: /Users/chinedudaniel/Workspace/tokens-api
11 silly lifecycle tokens-api@1.0.0~start-dev: Args: [ '-c', 'babel-watch server/server.js' ]
12 silly lifecycle tokens-api@1.0.0~start-dev: Returned: code: 1  signal: null
13 info lifecycle tokens-api@1.0.0~start-dev: Failed to exec start-dev script
14 verbose stack Error: tokens-api@1.0.0 start-dev: `babel-watch server/server.js`
14 verbose stack Exit status 1
14 verbose stack     at EventEmitter.<anonymous> (/Users/chinedudaniel/.nvm/versions/node/v6.10.0/lib/node_modules/npm/lib/utils/lifecycle.js:255:16)
14 verbose stack     at emitTwo (events.js:106:13)
14 verbose stack     at EventEmitter.emit (events.js:191:7)
14 verbose stack     at ChildProcess.<anonymous> (/Users/chinedudaniel/.nvm/versions/node/v6.10.0/lib/node_modules/npm/lib/utils/spawn.js:40:14)
14 verbose stack     at emitTwo (events.js:106:13)
14 verbose stack     at ChildProcess.emit (events.js:191:7)
14 verbose stack     at maybeClose (internal/child_process.js:877:16)
14 verbose stack     at Process.ChildProcess._handle.onexit (internal/child_process.js:226:5)
15 verbose pkgid tokens-api@1.0.0
16 verbose cwd /Users/chinedudaniel/Workspace/tokens-api
17 error Darwin 16.7.0
18 error argv "/Users/chinedudaniel/.nvm/versions/node/v6.10.0/bin/node" "/Users/chinedudaniel/.nvm/versions/node/v6.10.0/bin/npm" "run" "start-dev"
19 error node v6.10.0
20 error npm  v3.10.10
21 error code ELIFECYCLE
22 error tokens-api@1.0.0 start-dev: `babel-watch server/server.js`
22 error Exit status 1
23 error Failed at the tokens-api@1.0.0 start-dev script 'babel-watch server/server.js'.
23 error Make sure you have the latest version of node.js and npm installed.
23 error If you do, this is most likely a problem with the tokens-api package,
23 error not with npm itself.
23 error Tell the author that this fails on your system:
23 error     babel-watch server/server.js
23 error You can get information on how to open an issue for this project with:
23 error     npm bugs tokens-api
23 error Or if that isn't available, you can get their info via:
23 error     npm owner ls tokens-api
23 error There is likely additional logging output above.
24 verbose exit [ 1, true ]
